<?xml version="1.0" encoding="UTF-8"?>
<!-- Generated by org.testng.reporters.JUnitReportReporter -->
<testsuite hostname="hp" failures="0" tests="1" name="Com.CRM.DeleteOrganizationTest.DeleteOrganizationWhnItContainsContactAndOppertunity" time="47.509" errors="0" timestamp="15 Feb 2018 07:24:22 GMT">
  <testcase classname="Com.CRM.DeleteOrganizationTest.DeleteOrganizationWhnItContainsContactAndOppertunity" name="DeleteOrganizationItContainsContactAndOppertunityTest" time="47.509"/>
</testsuite> <!-- Com.CRM.DeleteOrganizationTest.DeleteOrganizationWhnItContainsContactAndOppertunity -->
