<?xml version="1.0" encoding="UTF-8"?>
<!-- Generated by org.testng.reporters.JUnitReportReporter -->
<testsuite hostname="hp" failures="0" tests="1" name="Com.CRM.LeadTest.CreateMultipleLead" time="76.588" errors="0" timestamp="14 Feb 2018 05:54:54 GMT">
  <testcase classname="Com.CRM.LeadTest.CreateMultipleLead" name="createMultipleLead" time="76.588"/>
</testsuite> <!-- Com.CRM.LeadTest.CreateMultipleLead -->
