<?xml version="1.0" encoding="UTF-8"?>
<!-- Generated by org.testng.reporters.JUnitReportReporter -->
<testsuite hostname="hp" failures="0" tests="1" name="Com.CRM.OrganizationTest.CreateOrganization" time="31.719" errors="0" timestamp="22 Feb 2018 03:30:16 GMT">
  <testcase classname="Com.CRM.OrganizationTest.CreateOrganization" name="createOrganizationTest" time="31.719"/>
</testsuite> <!-- Com.CRM.OrganizationTest.CreateOrganization -->
