<?xml version="1.0" encoding="UTF-8"?>
<!-- Generated by org.testng.reporters.JUnitReportReporter -->
<testsuite hostname="hp" failures="0" tests="1" name="Com.CRM.ContactTest.CreateContactWithOrganization" time="20.283" errors="0" timestamp="15 Feb 2018 07:24:22 GMT">
  <testcase classname="Com.CRM.ContactTest.CreateContactWithOrganization" name="createContactWithOrganizationTest" time="20.283"/>
</testsuite> <!-- Com.CRM.ContactTest.CreateContactWithOrganization -->
