<?xml version="1.0" encoding="UTF-8"?>
<!-- Generated by org.testng.reporters.JUnitReportReporter -->
<testsuite hostname="hp" failures="0" tests="1" name="Com.CMR.EndToEndTest.CreateOpertunityUsingOrg_Campaign" time="38.748" errors="0" timestamp="15 Feb 2018 07:24:22 GMT">
  <testcase classname="Com.CMR.EndToEndTest.CreateOpertunityUsingOrg_Campaign" name="CreateOpertunityUsingOrgCampaignTest" time="38.748"/>
</testsuite> <!-- Com.CMR.EndToEndTest.CreateOpertunityUsingOrg_Campaign -->
