<?xml version="1.0" encoding="UTF-8"?>
<!-- Generated by org.testng.reporters.JUnitReportReporter -->
<testsuite hostname="hp" failures="0" tests="1" name="Com.CRM.OrganizationTest.CreateOrganizationWithType" time="20.405" errors="0" timestamp="15 Feb 2018 07:24:22 GMT">
  <testcase classname="Com.CRM.OrganizationTest.CreateOrganizationWithType" name="createOrganizationWithTypeTest" time="20.405"/>
</testsuite> <!-- Com.CRM.OrganizationTest.CreateOrganizationWithType -->
